\BOOKMARK [1][-]{section.1}{1 Einleitung - funktionale Beschreibung}{}
\BOOKMARK [1][-]{section.2}{2 Anforderungen im Detail}{}
\BOOKMARK [2][-]{subsection.2.1}{2.1 Aritmetische Ausdr\374cke}{section.2}
\BOOKMARK [2][-]{subsection.2.2}{2.2 Rechenregeln}{section.2}
\BOOKMARK [2][-]{subsection.2.3}{2.3 Datentypen}{section.2}
\BOOKMARK [2][-]{subsection.2.4}{2.4 Userinerface}{section.2}
\BOOKMARK [3][-]{subsubsection.2.4.1}{2.4.1 Dateneingabe}{subsection.2.4}
\BOOKMARK [3][-]{subsubsection.2.4.2}{2.4.2 Datenausgabe}{subsection.2.4}
\BOOKMARK [2][-]{subsection.2.5}{2.5 Speichern von Rechnungen}{section.2}
\BOOKMARK [2][-]{subsection.2.6}{2.6 RS232 Schnittstelle}{section.2}
\BOOKMARK [1][-]{section.3}{3 Detailierte Design Beschreibung der Module}{}
\BOOKMARK [2][-]{subsection.3.1}{3.1 Main}{section.3}
\BOOKMARK [2][-]{subsection.3.2}{3.2 Scancode Handler}{section.3}
\BOOKMARK [2][-]{subsection.3.3}{3.3 Parser \(Linebuffer einlesen \046 interpretieren\)}{section.3}
\BOOKMARK [2][-]{subsection.3.4}{3.4 Calculator}{section.3}
\BOOKMARK [3][-]{subsubsection.3.4.1}{3.4.1 Addition}{subsection.3.4}
\BOOKMARK [3][-]{subsubsection.3.4.2}{3.4.2 Subtraktion}{subsection.3.4}
\BOOKMARK [3][-]{subsubsection.3.4.3}{3.4.3 Multiplikation}{subsection.3.4}
\BOOKMARK [3][-]{subsubsection.3.4.4}{3.4.4 Division}{subsection.3.4}
\BOOKMARK [2][-]{subsection.3.5}{3.5 Ringpuffer}{section.3}
\BOOKMARK [2][-]{subsection.3.6}{3.6 Line Buffer}{section.3}
\BOOKMARK [2][-]{subsection.3.7}{3.7 Externe Schnittstellen}{section.3}
\BOOKMARK [3][-]{subsubsection.3.7.1}{3.7.1 RS232-Schnittstelle}{subsection.3.7}
\BOOKMARK [3][-]{subsubsection.3.7.2}{3.7.2 PS/2-Schnittstelle}{subsection.3.7}
\BOOKMARK [3][-]{subsubsection.3.7.3}{3.7.3 VGA-Schnittstelle}{subsection.3.7}
\BOOKMARK [1][-]{section.4}{4 Testf\344lle}{}
